# JRE version: OpenJDK Runtime Environment (17.0.2+8) (build 17.0.2+8-86)
# Java VM: OpenJDK 64-Bit Server VM (17.0.2+8-86, mixed mode, sharing, tiered, compressed oops, compressed class ptrs, g1 gc, windows-amd64)
GC Precious Log:
 CPUs: 8 total, 8 available
 Memory: 7103M
 Large Page Support: Disabled
 NUMA Support: Disabled
 Compressed Oops: Enabled (Zero based)
 Heap Region Size: 2M
 Heap Min Capacity: 8M
 Heap Initial Capacity: 112M
 Heap Max Capacity: 4G
 Pre-touch: Disabled
 Parallel Workers: 8
 Concurrent Workers: 2
 Concurrent Refinement Workers: 8
 Periodic GC: Disabled
Heap:
 garbage-first heap   total 567296K, used 236351K [0x0000000700000000, 0x0000000800000000)
  region size 2048K, 2 young (4096K), 2 survivors (4096K)
 Metaspace       used 22429K, committed 22784K, reserved 1073152K
  class space    used 2282K, committed 2432K, reserved 1048576K
GC Heap History (20 events):
Event: 5.467 GC heap after
{Heap after GC invocations=16 (full 0):
 garbage-first heap   total 364544K, used 147921K [0x0000000700000000, 0x0000000800000000)
  region size 2048K, 8 young (16384K), 8 survivors (16384K)
 Metaspace       used 20445K, committed 20736K, reserved 1073152K
  class space    used 2177K, committed 2304K, reserved 1048576K
}
Event: 6.973 GC heap before
{Heap before GC invocations=16 (full 0):
 garbage-first heap   total 364544K, used 233937K [0x0000000700000000, 0x0000000800000000)
  region size 2048K, 50 young (102400K), 8 survivors (16384K)
 Metaspace       used 20911K, committed 21184K, reserved 1073152K
  class space    used 2213K, committed 2368K, reserved 1048576K
}
Event: 7.007 GC heap after
{Heap after GC invocations=17 (full 0):
 garbage-first heap   total 364544K, used 175264K [0x0000000700000000, 0x0000000800000000)
  region size 2048K, 7 young (14336K), 7 survivors (14336K)
 Metaspace       used 20911K, committed 21184K, reserved 1073152K
  class space    used 2213K, committed 2368K, reserved 1048576K
}
Event: 7.259 GC heap before
{Heap before GC invocations=17 (full 0):
 garbage-first heap   total 364544K, used 253088K [0x0000000700000000, 0x0000000800000000)
  region size 2048K, 45 young (92160K), 7 survivors (14336K)
 Metaspace       used 21725K, committed 22016K, reserved 1073152K
  class space    used 2239K, committed 2368K, reserved 1048576K
}
Event: 7.286 GC heap after
{Heap after GC invocations=18 (full 0):
 garbage-first heap   total 364544K, used 203978K [0x0000000700000000, 0x0000000800000000)
  region size 2048K, 6 young (12288K), 6 survivors (12288K)
 Metaspace       used 21725K, committed 22016K, reserved 1073152K
  class space    used 2239K, committed 2368K, reserved 1048576K
}
Event: 7.634 GC heap before
{Heap before GC invocations=18 (full 0):
 garbage-first heap   total 364544K, used 267466K [0x0000000700000000, 0x0000000800000000)
  region size 2048K, 37 young (75776K), 6 survivors (12288K)
 Metaspace       used 22341K, committed 22656K, reserved 1073152K
  class space    used 2286K, committed 2432K, reserved 1048576K
}
Event: 7.649 GC heap after
{Heap after GC invocations=19 (full 0):
 garbage-first heap   total 364544K, used 214690K [0x0000000700000000, 0x0000000800000000)
  region size 2048K, 5 young (10240K), 5 survivors (10240K)
 Metaspace       used 22341K, committed 22656K, reserved 1073152K
  class space    used 2286K, committed 2432K, reserved 1048576K
}
Event: 7.830 GC heap before
{Heap before GC invocations=19 (full 0):
 garbage-first heap   total 372736K, used 235170K [0x0000000700000000, 0x0000000800000000)
  region size 2048K, 35 young (71680K), 5 survivors (10240K)
 Metaspace       used 20926K, committed 21312K, reserved 1073152K
  class space    used 2211K, committed 2368K, reserved 1048576K
}
Event: 7.847 GC heap after
{Heap after GC invocations=20 (full 0):
 garbage-first heap   total 567296K, used 194525K [0x0000000700000000, 0x0000000800000000)
  region size 2048K, 5 young (10240K), 5 survivors (10240K)
 Metaspace       used 20926K, committed 21312K, reserved 1073152K
  class space    used 2211K, committed 2368K, reserved 1048576K
}
Event: 8.605 GC heap before
{Heap before GC invocations=21 (full 0):
 garbage-first heap   total 567296K, used 368605K [0x0000000700000000, 0x0000000800000000)
  region size 2048K, 90 young (184320K), 5 survivors (10240K)
 Metaspace       used 22599K, committed 22912K, reserved 1073152K
  class space    used 2295K, committed 2432K, reserved 1048576K
}
Event: 8.669 GC heap after
{Heap after GC invocations=22 (full 0):
 garbage-first heap   total 567296K, used 242104K [0x0000000700000000, 0x0000000800000000)
  region size 2048K, 12 young (24576K), 12 survivors (24576K)
 Metaspace       used 22599K, committed 22912K, reserved 1073152K
  class space    used 2295K, committed 2432K, reserved 1048576K
}
Event: 8.678 GC heap before
{Heap before GC invocations=22 (full 0):
 garbage-first heap   total 567296K, used 244152K [0x0000000700000000, 0x0000000800000000)
  region size 2048K, 13 young (26624K), 12 survivors (24576K)
 Metaspace       used 22599K, committed 22912K, reserved 1073152K
  class space    used 2295K, committed 2432K, reserved 1048576K
}
Event: 8.768 GC heap after
{Heap after GC invocations=23 (full 0):
 garbage-first heap   total 567296K, used 243591K [0x0000000700000000, 0x0000000800000000)
  region size 2048K, 2 young (4096K), 2 survivors (4096K)
 Metaspace       used 22599K, committed 22912K, reserved 1073152K
  class space    used 2295K, committed 2432K, reserved 1048576K
}
Event: 9.210 GC heap before
{Heap before GC invocations=23 (full 0):
 garbage-first heap   total 567296K, used 380807K [0x0000000700000000, 0x0000000800000000)
  region size 2048K, 69 young (141312K), 2 survivors (4096K)
 Metaspace       used 23668K, committed 24000K, reserved 1073152K
  class space    used 2336K, committed 2496K, reserved 1048576K
}
Event: 9.238 GC heap after
{Heap after GC invocations=24 (full 0):
 garbage-first heap   total 567296K, used 285306K [0x0000000700000000, 0x0000000800000000)
  region size 2048K, 9 young (18432K), 9 survivors (18432K)
 Metaspace       used 23668K, committed 24000K, reserved 1073152K
  class space    used 2336K, committed 2496K, reserved 1048576K
}
Event: 9.671 GC heap before
{Heap before GC invocations=24 (full 0):
 garbage-first heap   total 567296K, used 406138K [0x0000000700000000, 0x0000000800000000)
  region size 2048K, 68 young (139264K), 9 survivors (18432K)
 Metaspace       used 24291K, committed 24704K, reserved 1073152K
  class space    used 2378K, committed 2560K, reserved 1048576K
}
Event: 9.698 GC heap after
{Heap after GC invocations=25 (full 0):
 garbage-first heap   total 567296K, used 319488K [0x0000000700000000, 0x0000000800000000)
  region size 2048K, 9 young (18432K), 9 survivors (18432K)
 Metaspace       used 24291K, committed 24704K, reserved 1073152K
  class space    used 2378K, committed 2560K, reserved 1048576K
}
Event: 10.275 GC heap before
{Heap before GC invocations=26 (full 0):
 garbage-first heap   total 567296K, used 344064K [0x0000000700000000, 0x0000000800000000)
  region size 2048K, 61 young (124928K), 9 survivors (18432K)
 Metaspace       used 22238K, committed 22592K, reserved 1073152K
  class space    used 2261K, committed 2432K, reserved 1048576K
}
Event: 10.299 GC heap after
{Heap after GC invocations=27 (full 0):
 garbage-first heap   total 567296K, used 265702K [0x0000000700000000, 0x0000000800000000)
  region size 2048K, 8 young (16384K), 8 survivors (16384K)
 Metaspace       used 22238K, committed 22592K, reserved 1073152K
  class space    used 2261K, committed 2432K, reserved 1048576K
}
Event: 10.378 GC heap before
{Heap before GC invocations=27 (full 0):
 garbage-first heap   total 567296K, used 275942K [0x0000000700000000, 0x0000000800000000)
  region size 2048K, 13 young (26624K), 8 survivors (16384K)
 Metaspace       used 22429K, committed 22784K, reserved 1073152K
  class space    used 2282K, committed 2432K, reserved 1048576K
}

