# JRE version: OpenJDK Runtime Environment (17.0.2+8) (build 17.0.2+8-86)
# Java VM: OpenJDK 64-Bit Server VM (17.0.2+8-86, mixed mode, sharing, tiered, compressed oops, compressed class ptrs, g1 gc, windows-amd64)
GC Precious Log:
 CPUs: 8 total, 8 available
 Memory: 7103M
 Large Page Support: Disabled
 NUMA Support: Disabled
 Compressed Oops: Enabled (Zero based)
 Heap Region Size: 2M
 Heap Min Capacity: 8M
 Heap Initial Capacity: 112M
 Heap Max Capacity: 4G
 Pre-touch: Disabled
 Parallel Workers: 8
 Concurrent Workers: 2
 Concurrent Refinement Workers: 8
 Periodic GC: Disabled
Heap:
 garbage-first heap   total 624640K, used 240089K [0x0000000700000000, 0x0000000800000000)
  region size 2048K, 2 young (4096K), 2 survivors (4096K)
 Metaspace       used 22014K, committed 22400K, reserved 1081344K
  class space    used 2251K, committed 2432K, reserved 1048576K
GC Heap History (20 events):
Event: 4.324 GC heap after
{Heap after GC invocations=15 (full 0):
 garbage-first heap   total 327680K, used 124471K [0x0000000700000000, 0x0000000800000000)
  region size 2048K, 7 young (14336K), 7 survivors (14336K)
 Metaspace       used 19587K, committed 19840K, reserved 1073152K
  class space    used 2127K, committed 2240K, reserved 1048576K
}
Event: 5.100 GC heap before
{Heap before GC invocations=15 (full 0):
 garbage-first heap   total 327680K, used 204343K [0x0000000700000000, 0x0000000800000000)
  region size 2048K, 46 young (94208K), 7 survivors (14336K)
 Metaspace       used 20240K, committed 20544K, reserved 1073152K
  class space    used 2170K, committed 2304K, reserved 1048576K
}
Event: 5.120 GC heap after
{Heap after GC invocations=16 (full 0):
 garbage-first heap   total 327680K, used 147866K [0x0000000700000000, 0x0000000800000000)
  region size 2048K, 6 young (12288K), 6 survivors (12288K)
 Metaspace       used 20240K, committed 20544K, reserved 1073152K
  class space    used 2170K, committed 2304K, reserved 1048576K
}
Event: 5.445 GC heap before
{Heap before GC invocations=16 (full 0):
 garbage-first heap   total 327680K, used 219546K [0x0000000700000000, 0x0000000800000000)
  region size 2048K, 41 young (83968K), 6 survivors (12288K)
 Metaspace       used 20899K, committed 21184K, reserved 1073152K
  class space    used 2211K, committed 2368K, reserved 1048576K
}
Event: 5.461 GC heap after
{Heap after GC invocations=17 (full 0):
 garbage-first heap   total 327680K, used 167545K [0x0000000700000000, 0x0000000800000000)
  region size 2048K, 6 young (12288K), 6 survivors (12288K)
 Metaspace       used 20899K, committed 21184K, reserved 1073152K
  class space    used 2211K, committed 2368K, reserved 1048576K
}
Event: 5.630 GC heap before
{Heap before GC invocations=17 (full 0):
 garbage-first heap   total 327680K, used 235129K [0x0000000700000000, 0x0000000800000000)
  region size 2048K, 39 young (79872K), 6 survivors (12288K)
 Metaspace       used 21386K, committed 21696K, reserved 1073152K
  class space    used 2211K, committed 2368K, reserved 1048576K
}
Event: 5.649 GC heap after
{Heap after GC invocations=18 (full 0):
 garbage-first heap   total 327680K, used 190313K [0x0000000700000000, 0x0000000800000000)
  region size 2048K, 5 young (10240K), 5 survivors (10240K)
 Metaspace       used 21386K, committed 21696K, reserved 1073152K
  class space    used 2211K, committed 2368K, reserved 1048576K
}
Event: 5.996 GC heap before
{Heap before GC invocations=19 (full 0):
 garbage-first heap   total 378880K, used 245609K [0x0000000700000000, 0x0000000800000000)
  region size 2048K, 32 young (65536K), 5 survivors (10240K)
 Metaspace       used 21890K, committed 22208K, reserved 1073152K
  class space    used 2250K, committed 2432K, reserved 1048576K
}
Event: 6.015 GC heap after
{Heap after GC invocations=20 (full 0):
 garbage-first heap   total 378880K, used 210019K [0x0000000700000000, 0x0000000800000000)
  region size 2048K, 4 young (8192K), 4 survivors (8192K)
 Metaspace       used 21890K, committed 22208K, reserved 1073152K
  class space    used 2250K, committed 2432K, reserved 1048576K
}
Event: 6.053 GC heap before
{Heap before GC invocations=20 (full 0):
 garbage-first heap   total 378880K, used 220259K [0x0000000700000000, 0x0000000800000000)
  region size 2048K, 9 young (18432K), 4 survivors (8192K)
 Metaspace       used 21931K, committed 22272K, reserved 1073152K
  class space    used 2253K, committed 2432K, reserved 1048576K
}
Event: 6.065 GC heap after
{Heap after GC invocations=21 (full 0):
 garbage-first heap   total 624640K, used 212000K [0x0000000700000000, 0x0000000800000000)
  region size 2048K, 1 young (2048K), 1 survivors (2048K)
 Metaspace       used 21931K, committed 22272K, reserved 1073152K
  class space    used 2253K, committed 2432K, reserved 1048576K
}
Event: 7.981 GC heap before
{Heap before GC invocations=21 (full 0):
 garbage-first heap   total 624640K, used 412704K [0x0000000700000000, 0x0000000800000000)
  region size 2048K, 99 young (202752K), 1 survivors (2048K)
 Metaspace       used 23597K, committed 24000K, reserved 1073152K
  class space    used 2336K, committed 2496K, reserved 1048576K
}
Event: 8.031 GC heap after
{Heap after GC invocations=22 (full 0):
 garbage-first heap   total 624640K, used 267684K [0x0000000700000000, 0x0000000800000000)
  region size 2048K, 13 young (26624K), 13 survivors (26624K)
 Metaspace       used 23597K, committed 24000K, reserved 1073152K
  class space    used 2336K, committed 2496K, reserved 1048576K
}
Event: 8.732 GC heap before
{Heap before GC invocations=22 (full 0):
 garbage-first heap   total 624640K, used 417188K [0x0000000700000000, 0x0000000800000000)
  region size 2048K, 86 young (176128K), 13 survivors (26624K)
 Metaspace       used 24743K, committed 25152K, reserved 1073152K
  class space    used 2383K, committed 2560K, reserved 1048576K
}
Event: 8.764 GC heap after
{Heap after GC invocations=23 (full 0):
 garbage-first heap   total 624640K, used 309091K [0x0000000700000000, 0x0000000800000000)
  region size 2048K, 11 young (22528K), 11 survivors (22528K)
 Metaspace       used 24743K, committed 25152K, reserved 1073152K
  class space    used 2383K, committed 2560K, reserved 1048576K
}
Event: 9.284 GC heap before
{Heap before GC invocations=23 (full 0):
 garbage-first heap   total 624640K, used 446307K [0x0000000700000000, 0x0000000800000000)
  region size 2048K, 78 young (159744K), 11 survivors (22528K)
 Metaspace       used 25914K, committed 26368K, reserved 1081344K
  class space    used 2461K, committed 2624K, reserved 1048576K
}
Event: 9.309 GC heap after
{Heap after GC invocations=24 (full 0):
 garbage-first heap   total 624640K, used 345995K [0x0000000700000000, 0x0000000800000000)
  region size 2048K, 10 young (20480K), 10 survivors (20480K)
 Metaspace       used 25914K, committed 26368K, reserved 1081344K
  class space    used 2461K, committed 2624K, reserved 1048576K
}
Event: 9.726 GC heap before
{Heap before GC invocations=25 (full 0):
 garbage-first heap   total 624640K, used 327563K [0x0000000700000000, 0x0000000800000000)
  region size 2048K, 68 young (139264K), 10 survivors (20480K)
 Metaspace       used 21932K, committed 22400K, reserved 1081344K
  class space    used 2241K, committed 2432K, reserved 1048576K
}
Event: 9.775 GC heap after
{Heap after GC invocations=26 (full 0):
 garbage-first heap   total 624640K, used 251665K [0x0000000700000000, 0x0000000800000000)
  region size 2048K, 9 young (18432K), 9 survivors (18432K)
 Metaspace       used 21932K, committed 22400K, reserved 1081344K
  class space    used 2241K, committed 2432K, reserved 1048576K
}
Event: 9.824 GC heap before
{Heap before GC invocations=26 (full 0):
 garbage-first heap   total 624640K, used 263953K [0x0000000700000000, 0x0000000800000000)
  region size 2048K, 15 young (30720K), 9 survivors (18432K)
 Metaspace       used 22014K, committed 22400K, reserved 1081344K
  class space    used 2251K, committed 2432K, reserved 1048576K
}

